<?xml version="1.0" encoding="UTF-8"?>
<!-- Generated by org.testng.reporters.JUnitReportReporter -->
<testsuite hostname="DESKTOP-6R22ME0" failures="0" tests="31" name="cs.ing.CSTranslatorTest" time="14.009" errors="0" timestamp="2021-09-16T22:00:00 COT" skipped="0">
  <testcase classname="cs.ing.CSTranslatorTest" name="Test01" time="1.205"/>
  <system-out/>
  <testcase classname="cs.ing.CSTranslatorTest" name="Test01" time="1.241"/>
  <system-out/>
  <testcase classname="cs.ing.CSTranslatorTest" name="Test03" time="0.001"/>
  <system-out/>
  <testcase classname="cs.ing.CSTranslatorTest" name="Test02" time="0.001"/>
  <system-out/>
  <testcase classname="cs.ing.CSTranslatorTest" name="Test02" time="0.000"/>
  <system-out/>
  <testcase classname="cs.ing.CSTranslatorTest" name="Test03" time="0.000"/>
  <system-out/>
  <testcase classname="cs.ing.CSTranslatorTest" name="Test02" time="0.000"/>
  <system-out/>
  <testcase classname="cs.ing.CSTranslatorTest" name="Test03" time="0.000"/>
  <system-out/>
  <testcase classname="cs.ing.CSTranslatorTest" name="Test03" time="0.001"/>
  <system-out/>
  <testcase classname="cs.ing.CSTranslatorTest" name="Test02" time="0.000"/>
  <system-out/>
  <testcase classname="cs.ing.CSTranslatorTest" name="Test01" time="1.257"/>
  <system-out/>
  <testcase classname="cs.ing.CSTranslatorTest" name="Test01" time="1.325"/>
  <system-out/>
  <testcase classname="cs.ing.CSTranslatorTest" name="Test02" time="0.003"/>
  <system-out/>
  <testcase classname="cs.ing.CSTranslatorTest" name="Test02" time="0.000"/>
  <system-out/>
  <testcase classname="cs.ing.CSTranslatorTest" name="Test03" time="0.000"/>
  <system-out/>
  <testcase classname="cs.ing.CSTranslatorTest" name="Test02" time="0.000"/>
  <system-out/>
  <testcase classname="cs.ing.CSTranslatorTest" name="Test01" time="1.191"/>
  <system-out/>
  <testcase classname="cs.ing.CSTranslatorTest" name="MainTest" time="1.855"/>
  <system-out/>
  <testcase classname="cs.ing.CSTranslatorTest" name="Test02" time="0.001"/>
  <system-out/>
  <testcase classname="cs.ing.CSTranslatorTest" name="Test03" time="0.000"/>
  <system-out/>
  <testcase classname="cs.ing.CSTranslatorTest" name="Test02" time="0.005"/>
  <system-out/>
  <testcase classname="cs.ing.CSTranslatorTest" name="Test01" time="1.341"/>
  <system-out/>
  <testcase classname="cs.ing.CSTranslatorTest" name="Test03" time="0.001"/>
  <system-out/>
  <testcase classname="cs.ing.CSTranslatorTest" name="Test03" time="0.000"/>
  <system-out/>
  <testcase classname="cs.ing.CSTranslatorTest" name="Test02" time="0.000"/>
  <system-out/>
  <testcase classname="cs.ing.CSTranslatorTest" name="Test01" time="1.192"/>
  <system-out/>
  <testcase classname="cs.ing.CSTranslatorTest" name="Test01" time="1.241"/>
  <system-out/>
  <testcase classname="cs.ing.CSTranslatorTest" name="Test03" time="0.000"/>
  <system-out/>
  <testcase classname="cs.ing.CSTranslatorTest" name="Test01" time="1.201"/>
  <system-out/>
  <testcase classname="cs.ing.CSTranslatorTest" name="Test01" time="0.947"/>
  <system-out/>
  <testcase classname="cs.ing.CSTranslatorTest" name="Test03" time="0.000"/>
  <system-out/>
</testsuite> <!-- cs.ing.CSTranslatorTest -->
